<?xml version="1.0" encoding="UTF-8"?>
<testsuite name="co.ceiba.process.RegistrarIngresoProcessTest" tests="4" skipped="0" failures="0" errors="0" timestamp="2018-03-03T20:24:27" hostname="HERNAN-RODRIGUEZ" time="0.034">
  <properties/>
  <testcase name="ingresoPlacaInvalida" classname="co.ceiba.process.RegistrarIngresoProcessTest" time="0.014"/>
  <testcase name="realizarIngresoSinDisponibilidadAutos" classname="co.ceiba.process.RegistrarIngresoProcessTest" time="0.006"/>
  <testcase name="realizarIngresoSinDisponibilidadMotos" classname="co.ceiba.process.RegistrarIngresoProcessTest" time="0.006"/>
  <testcase name="realizarIngresoExitoso" classname="co.ceiba.process.RegistrarIngresoProcessTest" time="0.004"/>
  <system-out><![CDATA[2018-03-03 15:24:23.656  INFO 7936 --- [    Test worker] .b.t.c.SpringBootTestContextBootstrapper : Neither @ContextConfiguration nor @ContextHierarchy found for test class [co.ceiba.process.RegistrarIngresoProcessTest], using SpringBootContextLoader
2018-03-03 15:24:23.657  INFO 7936 --- [    Test worker] o.s.t.c.support.AbstractContextLoader    : Could not detect default resource locations for test class [co.ceiba.process.RegistrarIngresoProcessTest]: no resource found for suffixes {-context.xml, Context.groovy}.
2018-03-03 15:24:23.679  INFO 7936 --- [    Test worker] .b.t.c.SpringBootTestContextBootstrapper : Found @SpringBootConfiguration co.ceiba.Main for test class co.ceiba.process.RegistrarIngresoProcessTest
2018-03-03 15:24:23.682  INFO 7936 --- [    Test worker] .b.t.c.SpringBootTestContextBootstrapper : Loaded default TestExecutionListener class names from location [META-INF/spring.factories]: [org.springframework.boot.test.autoconfigure.restdocs.RestDocsTestExecutionListener, org.springframework.boot.test.autoconfigure.web.client.MockRestServiceServerResetTestExecutionListener, org.springframework.boot.test.autoconfigure.web.servlet.MockMvcPrintOnlyOnFailureTestExecutionListener, org.springframework.boot.test.autoconfigure.web.servlet.WebDriverTestExecutionListener, org.springframework.boot.test.mock.mockito.MockitoTestExecutionListener, org.springframework.boot.test.mock.mockito.ResetMocksTestExecutionListener, org.springframework.test.context.web.ServletTestExecutionListener, org.springframework.test.context.support.DirtiesContextBeforeModesTestExecutionListener, org.springframework.test.context.support.DependencyInjectionTestExecutionListener, org.springframework.test.context.support.DirtiesContextTestExecutionListener, org.springframework.test.context.transaction.TransactionalTestExecutionListener, org.springframework.test.context.jdbc.SqlScriptsTestExecutionListener]
2018-03-03 15:24:23.685  INFO 7936 --- [    Test worker] .b.t.c.SpringBootTestContextBootstrapper : Using TestExecutionListeners: [org.springframework.test.context.web.ServletTestExecutionListener@4c595025, org.springframework.test.context.support.DirtiesContextBeforeModesTestExecutionListener@405dbca0, org.springframework.boot.test.autoconfigure.SpringBootDependencyInjectionTestExecutionListener@2439f5a6, org.springframework.test.context.support.DirtiesContextTestExecutionListener@3613227a, org.springframework.test.context.transaction.TransactionalTestExecutionListener@30cd94e5, org.springframework.test.context.jdbc.SqlScriptsTestExecutionListener@1d5886e0, org.springframework.boot.test.autoconfigure.restdocs.RestDocsTestExecutionListener@7627c428, org.springframework.boot.test.mock.mockito.ResetMocksTestExecutionListener@59083864, org.springframework.boot.test.autoconfigure.web.servlet.MockMvcPrintOnlyOnFailureTestExecutionListener@5bee51c, org.springframework.boot.test.mock.mockito.MockitoTestExecutionListener@5c881ccd, org.springframework.boot.test.autoconfigure.web.client.MockRestServiceServerResetTestExecutionListener@14c685f0, org.springframework.boot.test.autoconfigure.web.servlet.WebDriverTestExecutionListener@c154414]

  .   ____          _            __ _ _
 /\\ / ___'_ __ _ _(_)_ __  __ _ \ \ \ \
( ( )\___ | '_ | '_| | '_ \/ _` | \ \ \ \
 \\/  ___)| |_)| | | | | || (_| |  ) ) ) )
  '  |____| .__|_| |_|_| |_\__, | / / / /
 =========|_|==============|___/=/_/_/_/
 :: Spring Boot ::        (v1.5.9.RELEASE)

2018-03-03 15:24:23.726  INFO 7936 --- [    Test worker] c.c.process.RegistrarIngresoProcessTest  : Starting RegistrarIngresoProcessTest on HERNAN-RODRIGUEZ with PID 7936 (started by hernan.rodriguez in D:\workspace\parqueaderoREST)
2018-03-03 15:24:23.726  INFO 7936 --- [    Test worker] c.c.process.RegistrarIngresoProcessTest  : No active profile set, falling back to default profiles: default
2018-03-03 15:24:23.729  INFO 7936 --- [    Test worker] s.c.a.AnnotationConfigApplicationContext : Refreshing org.springframework.context.annotation.AnnotationConfigApplicationContext@46ad9e9b: startup date [Sat Mar 03 15:24:23 COT 2018]; root of context hierarchy
2018-03-03 15:24:25.083  INFO 7936 --- [    Test worker] j.LocalContainerEntityManagerFactoryBean : Building JPA container EntityManagerFactory for persistence unit 'default'
2018-03-03 15:24:25.110  INFO 7936 --- [    Test worker] o.hibernate.jpa.internal.util.LogHelper  : HHH000204: Processing PersistenceUnitInfo [
	name: default
	...]
2018-03-03 15:24:25.214  INFO 7936 --- [    Test worker] org.hibernate.Version                    : HHH000412: Hibernate Core {5.0.12.Final}
2018-03-03 15:24:25.216  INFO 7936 --- [    Test worker] org.hibernate.cfg.Environment            : HHH000206: hibernate.properties not found
2018-03-03 15:24:25.218  INFO 7936 --- [    Test worker] org.hibernate.cfg.Environment            : HHH000021: Bytecode provider name : javassist
2018-03-03 15:24:25.278  INFO 7936 --- [    Test worker] o.hibernate.annotations.common.Version   : HCANN000001: Hibernate Commons Annotations {5.0.1.Final}
2018-03-03 15:24:25.471  INFO 7936 --- [    Test worker] org.hibernate.dialect.Dialect            : HHH000400: Using dialect: org.hibernate.dialect.PostgreSQLDialect
2018-03-03 15:24:25.746  INFO 7936 --- [    Test worker] o.h.e.j.e.i.LobCreatorBuilderImpl        : HHH000424: Disabling contextual LOB creation as createClob() method threw error : java.lang.reflect.InvocationTargetException
2018-03-03 15:24:25.748  INFO 7936 --- [    Test worker] org.hibernate.type.BasicTypeRegistry     : HHH000270: Type registration [java.util.UUID] overrides previous : org.hibernate.type.UUIDBinaryType@69f03dbf
2018-03-03 15:24:25.991  WARN 7936 --- [    Test worker] org.hibernate.orm.deprecation            : HHH90000014: Found use of deprecated [org.hibernate.id.SequenceGenerator] sequence-based id generator; use org.hibernate.id.enhanced.SequenceStyleGenerator instead.  See Hibernate Domain Model Mapping Guide for details.
2018-03-03 15:24:25.994  WARN 7936 --- [    Test worker] org.hibernate.orm.deprecation            : HHH90000014: Found use of deprecated [org.hibernate.id.SequenceGenerator] sequence-based id generator; use org.hibernate.id.enhanced.SequenceStyleGenerator instead.  See Hibernate Domain Model Mapping Guide for details.
2018-03-03 15:24:25.994  WARN 7936 --- [    Test worker] org.hibernate.orm.deprecation            : HHH90000014: Found use of deprecated [org.hibernate.id.SequenceGenerator] sequence-based id generator; use org.hibernate.id.enhanced.SequenceStyleGenerator instead.  See Hibernate Domain Model Mapping Guide for details.
2018-03-03 15:24:26.313  INFO 7936 --- [    Test worker] org.hibernate.tool.hbm2ddl.SchemaUpdate  : HHH000228: Running hbm2ddl schema update
2018-03-03 15:24:26.460  INFO 7936 --- [    Test worker] o.h.h.i.QueryTranslatorFactoryInitiator  : HHH000397: Using ASTQueryTranslatorFactory
2018-03-03 15:24:26.642  INFO 7936 --- [    Test worker] j.LocalContainerEntityManagerFactoryBean : Initialized JPA EntityManagerFactory for persistence unit 'default'
2018-03-03 15:24:27.112  INFO 7936 --- [    Test worker] c.c.process.RegistrarIngresoProcessTest  : Started RegistrarIngresoProcessTest in 3.422 seconds (JVM running for 9.246)
2018-03-03 15:24:27.135  INFO 7936 --- [    Test worker] o.s.t.c.transaction.TransactionContext   : Began transaction (1) for test context [DefaultTestContext@6b93ca1d testClass = RegistrarIngresoProcessTest, testInstance = co.ceiba.process.RegistrarIngresoProcessTest@279fbaa6, testMethod = ingresoPlacaInvalida@RegistrarIngresoProcessTest, testException = [null], mergedContextConfiguration = [MergedContextConfiguration@30ace754 testClass = RegistrarIngresoProcessTest, locations = '{}', classes = '{class co.ceiba.Main, class co.ceiba.process.RegistrarIngresoProcessTest$VehiculoServiceImplTestContextConfiguration, class co.ceiba.process.RegistrarIngresoProcessTest$EstacionamientoServiceImplTestContextConfiguration}', contextInitializerClasses = '[]', activeProfiles = '{}', propertySourceLocations = '{}', propertySourceProperties = '{org.springframework.boot.test.context.SpringBootTestContextBootstrapper=true}', contextCustomizers = set[org.springframework.boot.test.autoconfigure.OverrideAutoConfigurationContextCustomizerFactory$DisableAutoConfigurationContextCustomizer@4ba104b8, org.springframework.boot.test.autoconfigure.filter.TypeExcludeFiltersContextCustomizer@351584c0, org.springframework.boot.test.autoconfigure.properties.PropertyMappingContextCustomizer@900721d3, org.springframework.boot.test.autoconfigure.web.servlet.WebDriverContextCustomizerFactory$Customizer@49980723, [ImportsContextCustomizer@7f76f7ee key = [org.springframework.boot.autoconfigure.cache.CacheAutoConfiguration, org.springframework.boot.autoconfigure.data.jpa.JpaRepositoriesAutoConfiguration, org.springframework.boot.autoconfigure.flyway.FlywayAutoConfiguration, org.springframework.boot.autoconfigure.jdbc.DataSourceAutoConfiguration, org.springframework.boot.autoconfigure.jdbc.DataSourceTransactionManagerAutoConfiguration, org.springframework.boot.autoconfigure.jdbc.JdbcTemplateAutoConfiguration, org.springframework.boot.autoconfigure.liquibase.LiquibaseAutoConfiguration, org.springframework.boot.autoconfigure.orm.jpa.HibernateJpaAutoConfiguration, org.springframework.boot.autoconfigure.transaction.TransactionAutoConfiguration, org.springframework.boot.test.autoconfigure.jdbc.TestDatabaseAutoConfiguration, org.springframework.boot.test.autoconfigure.orm.jpa.TestEntityManagerAutoConfiguration]], org.springframework.boot.test.context.filter.ExcludeFilterContextCustomizer@2b382cc, org.springframework.boot.test.json.DuplicateJsonObjectContextCustomizerFactory$DuplicateJsonObjectContextCustomizer@5e345e3d, org.springframework.boot.test.mock.mockito.MockitoContextCustomizer@7d94b62d], contextLoader = 'org.springframework.boot.test.context.SpringBootContextLoader', parent = [null]]]; transaction manager [org.springframework.orm.jpa.JpaTransactionManager@4dc61f06]; rollback [true]
2018-03-03 15:24:27.141  INFO 7936 --- [    Test worker] o.s.t.c.transaction.TransactionContext   : Rolled back transaction for test context [DefaultTestContext@6b93ca1d testClass = RegistrarIngresoProcessTest, testInstance = co.ceiba.process.RegistrarIngresoProcessTest@279fbaa6, testMethod = ingresoPlacaInvalida@RegistrarIngresoProcessTest, testException = [null], mergedContextConfiguration = [MergedContextConfiguration@30ace754 testClass = RegistrarIngresoProcessTest, locations = '{}', classes = '{class co.ceiba.Main, class co.ceiba.process.RegistrarIngresoProcessTest$VehiculoServiceImplTestContextConfiguration, class co.ceiba.process.RegistrarIngresoProcessTest$EstacionamientoServiceImplTestContextConfiguration}', contextInitializerClasses = '[]', activeProfiles = '{}', propertySourceLocations = '{}', propertySourceProperties = '{org.springframework.boot.test.context.SpringBootTestContextBootstrapper=true}', contextCustomizers = set[org.springframework.boot.test.autoconfigure.OverrideAutoConfigurationContextCustomizerFactory$DisableAutoConfigurationContextCustomizer@4ba104b8, org.springframework.boot.test.autoconfigure.filter.TypeExcludeFiltersContextCustomizer@351584c0, org.springframework.boot.test.autoconfigure.properties.PropertyMappingContextCustomizer@900721d3, org.springframework.boot.test.autoconfigure.web.servlet.WebDriverContextCustomizerFactory$Customizer@49980723, [ImportsContextCustomizer@7f76f7ee key = [org.springframework.boot.autoconfigure.cache.CacheAutoConfiguration, org.springframework.boot.autoconfigure.data.jpa.JpaRepositoriesAutoConfiguration, org.springframework.boot.autoconfigure.flyway.FlywayAutoConfiguration, org.springframework.boot.autoconfigure.jdbc.DataSourceAutoConfiguration, org.springframework.boot.autoconfigure.jdbc.DataSourceTransactionManagerAutoConfiguration, org.springframework.boot.autoconfigure.jdbc.JdbcTemplateAutoConfiguration, org.springframework.boot.autoconfigure.liquibase.LiquibaseAutoConfiguration, org.springframework.boot.autoconfigure.orm.jpa.HibernateJpaAutoConfiguration, org.springframework.boot.autoconfigure.transaction.TransactionAutoConfiguration, org.springframework.boot.test.autoconfigure.jdbc.TestDatabaseAutoConfiguration, org.springframework.boot.test.autoconfigure.orm.jpa.TestEntityManagerAutoConfiguration]], org.springframework.boot.test.context.filter.ExcludeFilterContextCustomizer@2b382cc, org.springframework.boot.test.json.DuplicateJsonObjectContextCustomizerFactory$DuplicateJsonObjectContextCustomizer@5e345e3d, org.springframework.boot.test.mock.mockito.MockitoContextCustomizer@7d94b62d], contextLoader = 'org.springframework.boot.test.context.SpringBootContextLoader', parent = [null]]].
2018-03-03 15:24:27.145  INFO 7936 --- [    Test worker] o.s.t.c.transaction.TransactionContext   : Began transaction (1) for test context [DefaultTestContext@6b93ca1d testClass = RegistrarIngresoProcessTest, testInstance = co.ceiba.process.RegistrarIngresoProcessTest@7f32bcc3, testMethod = realizarIngresoSinDisponibilidadAutos@RegistrarIngresoProcessTest, testException = [null], mergedContextConfiguration = [MergedContextConfiguration@30ace754 testClass = RegistrarIngresoProcessTest, locations = '{}', classes = '{class co.ceiba.Main, class co.ceiba.process.RegistrarIngresoProcessTest$VehiculoServiceImplTestContextConfiguration, class co.ceiba.process.RegistrarIngresoProcessTest$EstacionamientoServiceImplTestContextConfiguration}', contextInitializerClasses = '[]', activeProfiles = '{}', propertySourceLocations = '{}', propertySourceProperties = '{org.springframework.boot.test.context.SpringBootTestContextBootstrapper=true}', contextCustomizers = set[org.springframework.boot.test.autoconfigure.OverrideAutoConfigurationContextCustomizerFactory$DisableAutoConfigurationContextCustomizer@4ba104b8, org.springframework.boot.test.autoconfigure.filter.TypeExcludeFiltersContextCustomizer@351584c0, org.springframework.boot.test.autoconfigure.properties.PropertyMappingContextCustomizer@900721d3, org.springframework.boot.test.autoconfigure.web.servlet.WebDriverContextCustomizerFactory$Customizer@49980723, [ImportsContextCustomizer@7f76f7ee key = [org.springframework.boot.autoconfigure.cache.CacheAutoConfiguration, org.springframework.boot.autoconfigure.data.jpa.JpaRepositoriesAutoConfiguration, org.springframework.boot.autoconfigure.flyway.FlywayAutoConfiguration, org.springframework.boot.autoconfigure.jdbc.DataSourceAutoConfiguration, org.springframework.boot.autoconfigure.jdbc.DataSourceTransactionManagerAutoConfiguration, org.springframework.boot.autoconfigure.jdbc.JdbcTemplateAutoConfiguration, org.springframework.boot.autoconfigure.liquibase.LiquibaseAutoConfiguration, org.springframework.boot.autoconfigure.orm.jpa.HibernateJpaAutoConfiguration, org.springframework.boot.autoconfigure.transaction.TransactionAutoConfiguration, org.springframework.boot.test.autoconfigure.jdbc.TestDatabaseAutoConfiguration, org.springframework.boot.test.autoconfigure.orm.jpa.TestEntityManagerAutoConfiguration]], org.springframework.boot.test.context.filter.ExcludeFilterContextCustomizer@2b382cc, org.springframework.boot.test.json.DuplicateJsonObjectContextCustomizerFactory$DuplicateJsonObjectContextCustomizer@5e345e3d, org.springframework.boot.test.mock.mockito.MockitoContextCustomizer@7d94b62d], contextLoader = 'org.springframework.boot.test.context.SpringBootContextLoader', parent = [null]]]; transaction manager [org.springframework.orm.jpa.JpaTransactionManager@4dc61f06]; rollback [true]
2018-03-03 15:24:27.149  INFO 7936 --- [    Test worker] o.s.t.c.transaction.TransactionContext   : Rolled back transaction for test context [DefaultTestContext@6b93ca1d testClass = RegistrarIngresoProcessTest, testInstance = co.ceiba.process.RegistrarIngresoProcessTest@7f32bcc3, testMethod = realizarIngresoSinDisponibilidadAutos@RegistrarIngresoProcessTest, testException = [null], mergedContextConfiguration = [MergedContextConfiguration@30ace754 testClass = RegistrarIngresoProcessTest, locations = '{}', classes = '{class co.ceiba.Main, class co.ceiba.process.RegistrarIngresoProcessTest$VehiculoServiceImplTestContextConfiguration, class co.ceiba.process.RegistrarIngresoProcessTest$EstacionamientoServiceImplTestContextConfiguration}', contextInitializerClasses = '[]', activeProfiles = '{}', propertySourceLocations = '{}', propertySourceProperties = '{org.springframework.boot.test.context.SpringBootTestContextBootstrapper=true}', contextCustomizers = set[org.springframework.boot.test.autoconfigure.OverrideAutoConfigurationContextCustomizerFactory$DisableAutoConfigurationContextCustomizer@4ba104b8, org.springframework.boot.test.autoconfigure.filter.TypeExcludeFiltersContextCustomizer@351584c0, org.springframework.boot.test.autoconfigure.properties.PropertyMappingContextCustomizer@900721d3, org.springframework.boot.test.autoconfigure.web.servlet.WebDriverContextCustomizerFactory$Customizer@49980723, [ImportsContextCustomizer@7f76f7ee key = [org.springframework.boot.autoconfigure.cache.CacheAutoConfiguration, org.springframework.boot.autoconfigure.data.jpa.JpaRepositoriesAutoConfiguration, org.springframework.boot.autoconfigure.flyway.FlywayAutoConfiguration, org.springframework.boot.autoconfigure.jdbc.DataSourceAutoConfiguration, org.springframework.boot.autoconfigure.jdbc.DataSourceTransactionManagerAutoConfiguration, org.springframework.boot.autoconfigure.jdbc.JdbcTemplateAutoConfiguration, org.springframework.boot.autoconfigure.liquibase.LiquibaseAutoConfiguration, org.springframework.boot.autoconfigure.orm.jpa.HibernateJpaAutoConfiguration, org.springframework.boot.autoconfigure.transaction.TransactionAutoConfiguration, org.springframework.boot.test.autoconfigure.jdbc.TestDatabaseAutoConfiguration, org.springframework.boot.test.autoconfigure.orm.jpa.TestEntityManagerAutoConfiguration]], org.springframework.boot.test.context.filter.ExcludeFilterContextCustomizer@2b382cc, org.springframework.boot.test.json.DuplicateJsonObjectContextCustomizerFactory$DuplicateJsonObjectContextCustomizer@5e345e3d, org.springframework.boot.test.mock.mockito.MockitoContextCustomizer@7d94b62d], contextLoader = 'org.springframework.boot.test.context.SpringBootContextLoader', parent = [null]]].
2018-03-03 15:24:27.152  INFO 7936 --- [    Test worker] o.s.t.c.transaction.TransactionContext   : Began transaction (1) for test context [DefaultTestContext@6b93ca1d testClass = RegistrarIngresoProcessTest, testInstance = co.ceiba.process.RegistrarIngresoProcessTest@5fb58f5, testMethod = realizarIngresoSinDisponibilidadMotos@RegistrarIngresoProcessTest, testException = [null], mergedContextConfiguration = [MergedContextConfiguration@30ace754 testClass = RegistrarIngresoProcessTest, locations = '{}', classes = '{class co.ceiba.Main, class co.ceiba.process.RegistrarIngresoProcessTest$VehiculoServiceImplTestContextConfiguration, class co.ceiba.process.RegistrarIngresoProcessTest$EstacionamientoServiceImplTestContextConfiguration}', contextInitializerClasses = '[]', activeProfiles = '{}', propertySourceLocations = '{}', propertySourceProperties = '{org.springframework.boot.test.context.SpringBootTestContextBootstrapper=true}', contextCustomizers = set[org.springframework.boot.test.autoconfigure.OverrideAutoConfigurationContextCustomizerFactory$DisableAutoConfigurationContextCustomizer@4ba104b8, org.springframework.boot.test.autoconfigure.filter.TypeExcludeFiltersContextCustomizer@351584c0, org.springframework.boot.test.autoconfigure.properties.PropertyMappingContextCustomizer@900721d3, org.springframework.boot.test.autoconfigure.web.servlet.WebDriverContextCustomizerFactory$Customizer@49980723, [ImportsContextCustomizer@7f76f7ee key = [org.springframework.boot.autoconfigure.cache.CacheAutoConfiguration, org.springframework.boot.autoconfigure.data.jpa.JpaRepositoriesAutoConfiguration, org.springframework.boot.autoconfigure.flyway.FlywayAutoConfiguration, org.springframework.boot.autoconfigure.jdbc.DataSourceAutoConfiguration, org.springframework.boot.autoconfigure.jdbc.DataSourceTransactionManagerAutoConfiguration, org.springframework.boot.autoconfigure.jdbc.JdbcTemplateAutoConfiguration, org.springframework.boot.autoconfigure.liquibase.LiquibaseAutoConfiguration, org.springframework.boot.autoconfigure.orm.jpa.HibernateJpaAutoConfiguration, org.springframework.boot.autoconfigure.transaction.TransactionAutoConfiguration, org.springframework.boot.test.autoconfigure.jdbc.TestDatabaseAutoConfiguration, org.springframework.boot.test.autoconfigure.orm.jpa.TestEntityManagerAutoConfiguration]], org.springframework.boot.test.context.filter.ExcludeFilterContextCustomizer@2b382cc, org.springframework.boot.test.json.DuplicateJsonObjectContextCustomizerFactory$DuplicateJsonObjectContextCustomizer@5e345e3d, org.springframework.boot.test.mock.mockito.MockitoContextCustomizer@7d94b62d], contextLoader = 'org.springframework.boot.test.context.SpringBootContextLoader', parent = [null]]]; transaction manager [org.springframework.orm.jpa.JpaTransactionManager@4dc61f06]; rollback [true]
2018-03-03 15:24:27.156  INFO 7936 --- [    Test worker] o.s.t.c.transaction.TransactionContext   : Rolled back transaction for test context [DefaultTestContext@6b93ca1d testClass = RegistrarIngresoProcessTest, testInstance = co.ceiba.process.RegistrarIngresoProcessTest@5fb58f5, testMethod = realizarIngresoSinDisponibilidadMotos@RegistrarIngresoProcessTest, testException = [null], mergedContextConfiguration = [MergedContextConfiguration@30ace754 testClass = RegistrarIngresoProcessTest, locations = '{}', classes = '{class co.ceiba.Main, class co.ceiba.process.RegistrarIngresoProcessTest$VehiculoServiceImplTestContextConfiguration, class co.ceiba.process.RegistrarIngresoProcessTest$EstacionamientoServiceImplTestContextConfiguration}', contextInitializerClasses = '[]', activeProfiles = '{}', propertySourceLocations = '{}', propertySourceProperties = '{org.springframework.boot.test.context.SpringBootTestContextBootstrapper=true}', contextCustomizers = set[org.springframework.boot.test.autoconfigure.OverrideAutoConfigurationContextCustomizerFactory$DisableAutoConfigurationContextCustomizer@4ba104b8, org.springframework.boot.test.autoconfigure.filter.TypeExcludeFiltersContextCustomizer@351584c0, org.springframework.boot.test.autoconfigure.properties.PropertyMappingContextCustomizer@900721d3, org.springframework.boot.test.autoconfigure.web.servlet.WebDriverContextCustomizerFactory$Customizer@49980723, [ImportsContextCustomizer@7f76f7ee key = [org.springframework.boot.autoconfigure.cache.CacheAutoConfiguration, org.springframework.boot.autoconfigure.data.jpa.JpaRepositoriesAutoConfiguration, org.springframework.boot.autoconfigure.flyway.FlywayAutoConfiguration, org.springframework.boot.autoconfigure.jdbc.DataSourceAutoConfiguration, org.springframework.boot.autoconfigure.jdbc.DataSourceTransactionManagerAutoConfiguration, org.springframework.boot.autoconfigure.jdbc.JdbcTemplateAutoConfiguration, org.springframework.boot.autoconfigure.liquibase.LiquibaseAutoConfiguration, org.springframework.boot.autoconfigure.orm.jpa.HibernateJpaAutoConfiguration, org.springframework.boot.autoconfigure.transaction.TransactionAutoConfiguration, org.springframework.boot.test.autoconfigure.jdbc.TestDatabaseAutoConfiguration, org.springframework.boot.test.autoconfigure.orm.jpa.TestEntityManagerAutoConfiguration]], org.springframework.boot.test.context.filter.ExcludeFilterContextCustomizer@2b382cc, org.springframework.boot.test.json.DuplicateJsonObjectContextCustomizerFactory$DuplicateJsonObjectContextCustomizer@5e345e3d, org.springframework.boot.test.mock.mockito.MockitoContextCustomizer@7d94b62d], contextLoader = 'org.springframework.boot.test.context.SpringBootContextLoader', parent = [null]]].
2018-03-03 15:24:27.158  INFO 7936 --- [    Test worker] o.s.t.c.transaction.TransactionContext   : Began transaction (1) for test context [DefaultTestContext@6b93ca1d testClass = RegistrarIngresoProcessTest, testInstance = co.ceiba.process.RegistrarIngresoProcessTest@67d87bf4, testMethod = realizarIngresoExitoso@RegistrarIngresoProcessTest, testException = [null], mergedContextConfiguration = [MergedContextConfiguration@30ace754 testClass = RegistrarIngresoProcessTest, locations = '{}', classes = '{class co.ceiba.Main, class co.ceiba.process.RegistrarIngresoProcessTest$VehiculoServiceImplTestContextConfiguration, class co.ceiba.process.RegistrarIngresoProcessTest$EstacionamientoServiceImplTestContextConfiguration}', contextInitializerClasses = '[]', activeProfiles = '{}', propertySourceLocations = '{}', propertySourceProperties = '{org.springframework.boot.test.context.SpringBootTestContextBootstrapper=true}', contextCustomizers = set[org.springframework.boot.test.autoconfigure.OverrideAutoConfigurationContextCustomizerFactory$DisableAutoConfigurationContextCustomizer@4ba104b8, org.springframework.boot.test.autoconfigure.filter.TypeExcludeFiltersContextCustomizer@351584c0, org.springframework.boot.test.autoconfigure.properties.PropertyMappingContextCustomizer@900721d3, org.springframework.boot.test.autoconfigure.web.servlet.WebDriverContextCustomizerFactory$Customizer@49980723, [ImportsContextCustomizer@7f76f7ee key = [org.springframework.boot.autoconfigure.cache.CacheAutoConfiguration, org.springframework.boot.autoconfigure.data.jpa.JpaRepositoriesAutoConfiguration, org.springframework.boot.autoconfigure.flyway.FlywayAutoConfiguration, org.springframework.boot.autoconfigure.jdbc.DataSourceAutoConfiguration, org.springframework.boot.autoconfigure.jdbc.DataSourceTransactionManagerAutoConfiguration, org.springframework.boot.autoconfigure.jdbc.JdbcTemplateAutoConfiguration, org.springframework.boot.autoconfigure.liquibase.LiquibaseAutoConfiguration, org.springframework.boot.autoconfigure.orm.jpa.HibernateJpaAutoConfiguration, org.springframework.boot.autoconfigure.transaction.TransactionAutoConfiguration, org.springframework.boot.test.autoconfigure.jdbc.TestDatabaseAutoConfiguration, org.springframework.boot.test.autoconfigure.orm.jpa.TestEntityManagerAutoConfiguration]], org.springframework.boot.test.context.filter.ExcludeFilterContextCustomizer@2b382cc, org.springframework.boot.test.json.DuplicateJsonObjectContextCustomizerFactory$DuplicateJsonObjectContextCustomizer@5e345e3d, org.springframework.boot.test.mock.mockito.MockitoContextCustomizer@7d94b62d], contextLoader = 'org.springframework.boot.test.context.SpringBootContextLoader', parent = [null]]]; transaction manager [org.springframework.orm.jpa.JpaTransactionManager@4dc61f06]; rollback [true]
2018-03-03 15:24:27.161  INFO 7936 --- [    Test worker] o.s.t.c.transaction.TransactionContext   : Rolled back transaction for test context [DefaultTestContext@6b93ca1d testClass = RegistrarIngresoProcessTest, testInstance = co.ceiba.process.RegistrarIngresoProcessTest@67d87bf4, testMethod = realizarIngresoExitoso@RegistrarIngresoProcessTest, testException = [null], mergedContextConfiguration = [MergedContextConfiguration@30ace754 testClass = RegistrarIngresoProcessTest, locations = '{}', classes = '{class co.ceiba.Main, class co.ceiba.process.RegistrarIngresoProcessTest$VehiculoServiceImplTestContextConfiguration, class co.ceiba.process.RegistrarIngresoProcessTest$EstacionamientoServiceImplTestContextConfiguration}', contextInitializerClasses = '[]', activeProfiles = '{}', propertySourceLocations = '{}', propertySourceProperties = '{org.springframework.boot.test.context.SpringBootTestContextBootstrapper=true}', contextCustomizers = set[org.springframework.boot.test.autoconfigure.OverrideAutoConfigurationContextCustomizerFactory$DisableAutoConfigurationContextCustomizer@4ba104b8, org.springframework.boot.test.autoconfigure.filter.TypeExcludeFiltersContextCustomizer@351584c0, org.springframework.boot.test.autoconfigure.properties.PropertyMappingContextCustomizer@900721d3, org.springframework.boot.test.autoconfigure.web.servlet.WebDriverContextCustomizerFactory$Customizer@49980723, [ImportsContextCustomizer@7f76f7ee key = [org.springframework.boot.autoconfigure.cache.CacheAutoConfiguration, org.springframework.boot.autoconfigure.data.jpa.JpaRepositoriesAutoConfiguration, org.springframework.boot.autoconfigure.flyway.FlywayAutoConfiguration, org.springframework.boot.autoconfigure.jdbc.DataSourceAutoConfiguration, org.springframework.boot.autoconfigure.jdbc.DataSourceTransactionManagerAutoConfiguration, org.springframework.boot.autoconfigure.jdbc.JdbcTemplateAutoConfiguration, org.springframework.boot.autoconfigure.liquibase.LiquibaseAutoConfiguration, org.springframework.boot.autoconfigure.orm.jpa.HibernateJpaAutoConfiguration, org.springframework.boot.autoconfigure.transaction.TransactionAutoConfiguration, org.springframework.boot.test.autoconfigure.jdbc.TestDatabaseAutoConfiguration, org.springframework.boot.test.autoconfigure.orm.jpa.TestEntityManagerAutoConfiguration]], org.springframework.boot.test.context.filter.ExcludeFilterContextCustomizer@2b382cc, org.springframework.boot.test.json.DuplicateJsonObjectContextCustomizerFactory$DuplicateJsonObjectContextCustomizer@5e345e3d, org.springframework.boot.test.mock.mockito.MockitoContextCustomizer@7d94b62d], contextLoader = 'org.springframework.boot.test.context.SpringBootContextLoader', parent = [null]]].
]]></system-out>
  <system-err><![CDATA[]]></system-err>
</testsuite>
