<?xml version="1.0" encoding="UTF-8"?>
<testsuite name="co.ceiba.repository.EstacionamientoRepositorioTest" tests="1" skipped="0" failures="0" errors="0" timestamp="2018-02-28T21:53:31" hostname="HERNAN-RODRIGUEZ" time="0.146">
  <properties/>
  <testcase name="buscarPorIdVehiculo" classname="co.ceiba.repository.EstacionamientoRepositorioTest" time="0.146"/>
  <system-out><![CDATA[2018-02-28 16:53:28.341  INFO 6712 --- [    Test worker] .b.t.c.SpringBootTestContextBootstrapper : Neither @ContextConfiguration nor @ContextHierarchy found for test class [co.ceiba.repository.EstacionamientoRepositorioTest], using SpringBootContextLoader
2018-02-28 16:53:28.342  INFO 6712 --- [    Test worker] o.s.t.c.support.AbstractContextLoader    : Could not detect default resource locations for test class [co.ceiba.repository.EstacionamientoRepositorioTest]: no resource found for suffixes {-context.xml, Context.groovy}.
2018-02-28 16:53:28.342  INFO 6712 --- [    Test worker] t.c.s.AnnotationConfigContextLoaderUtils : Could not detect default configuration classes for test class [co.ceiba.repository.EstacionamientoRepositorioTest]: EstacionamientoRepositorioTest does not declare any static, non-private, non-final, nested classes annotated with @Configuration.
2018-02-28 16:53:28.383  INFO 6712 --- [    Test worker] .b.t.c.SpringBootTestContextBootstrapper : Found @SpringBootConfiguration co.ceiba.Main for test class co.ceiba.repository.EstacionamientoRepositorioTest
2018-02-28 16:53:28.386  INFO 6712 --- [    Test worker] .b.t.c.SpringBootTestContextBootstrapper : Loaded default TestExecutionListener class names from location [META-INF/spring.factories]: [org.springframework.boot.test.autoconfigure.restdocs.RestDocsTestExecutionListener, org.springframework.boot.test.autoconfigure.web.client.MockRestServiceServerResetTestExecutionListener, org.springframework.boot.test.autoconfigure.web.servlet.MockMvcPrintOnlyOnFailureTestExecutionListener, org.springframework.boot.test.autoconfigure.web.servlet.WebDriverTestExecutionListener, org.springframework.boot.test.mock.mockito.MockitoTestExecutionListener, org.springframework.boot.test.mock.mockito.ResetMocksTestExecutionListener, org.springframework.test.context.web.ServletTestExecutionListener, org.springframework.test.context.support.DirtiesContextBeforeModesTestExecutionListener, org.springframework.test.context.support.DependencyInjectionTestExecutionListener, org.springframework.test.context.support.DirtiesContextTestExecutionListener, org.springframework.test.context.transaction.TransactionalTestExecutionListener, org.springframework.test.context.jdbc.SqlScriptsTestExecutionListener]
2018-02-28 16:53:28.387  INFO 6712 --- [    Test worker] .b.t.c.SpringBootTestContextBootstrapper : Using TestExecutionListeners: [org.springframework.test.context.web.ServletTestExecutionListener@2ec360ca, org.springframework.test.context.support.DirtiesContextBeforeModesTestExecutionListener@61ab48eb, org.springframework.boot.test.autoconfigure.SpringBootDependencyInjectionTestExecutionListener@a9568cd, org.springframework.test.context.support.DirtiesContextTestExecutionListener@3ed250a9, org.springframework.test.context.transaction.TransactionalTestExecutionListener@b22a289, org.springframework.test.context.jdbc.SqlScriptsTestExecutionListener@30755f16, org.springframework.boot.test.mock.mockito.MockitoTestExecutionListener@11079ad5, org.springframework.boot.test.autoconfigure.web.servlet.MockMvcPrintOnlyOnFailureTestExecutionListener@3dfcd744, org.springframework.boot.test.autoconfigure.web.client.MockRestServiceServerResetTestExecutionListener@23d41c98, org.springframework.boot.test.autoconfigure.restdocs.RestDocsTestExecutionListener@39436a1b, org.springframework.boot.test.autoconfigure.web.servlet.WebDriverTestExecutionListener@14bf9ed4, org.springframework.boot.test.mock.mockito.ResetMocksTestExecutionListener@4fa23df0]

  .   ____          _            __ _ _
 /\\ / ___'_ __ _ _(_)_ __  __ _ \ \ \ \
( ( )\___ | '_ | '_| | '_ \/ _` | \ \ \ \
 \\/  ___)| |_)| | | | | || (_| |  ) ) ) )
  '  |____| .__|_| |_|_| |_\__, | / / / /
 =========|_|==============|___/=/_/_/_/
 :: Spring Boot ::        (v1.5.9.RELEASE)

2018-02-28 16:53:28.502  INFO 6712 --- [    Test worker] c.c.r.EstacionamientoRepositorioTest     : Starting EstacionamientoRepositorioTest on HERNAN-RODRIGUEZ with PID 6712 (started by hernan.rodriguez in D:\workspace\parqueaderoREST)
2018-02-28 16:53:28.502  INFO 6712 --- [    Test worker] c.c.r.EstacionamientoRepositorioTest     : No active profile set, falling back to default profiles: default
2018-02-28 16:53:28.504  INFO 6712 --- [    Test worker] s.c.a.AnnotationConfigApplicationContext : Refreshing org.springframework.context.annotation.AnnotationConfigApplicationContext@7c2055e6: startup date [Wed Feb 28 16:53:28 COT 2018]; root of context hierarchy
2018-02-28 16:53:30.044  INFO 6712 --- [    Test worker] j.LocalContainerEntityManagerFactoryBean : Building JPA container EntityManagerFactory for persistence unit 'default'
2018-02-28 16:53:30.071  INFO 6712 --- [    Test worker] o.hibernate.jpa.internal.util.LogHelper  : HHH000204: Processing PersistenceUnitInfo [
	name: default
	...]
2018-02-28 16:53:30.184  INFO 6712 --- [    Test worker] org.hibernate.Version                    : HHH000412: Hibernate Core {5.0.12.Final}
2018-02-28 16:53:30.186  INFO 6712 --- [    Test worker] org.hibernate.cfg.Environment            : HHH000206: hibernate.properties not found
2018-02-28 16:53:30.189  INFO 6712 --- [    Test worker] org.hibernate.cfg.Environment            : HHH000021: Bytecode provider name : javassist
2018-02-28 16:53:30.257  INFO 6712 --- [    Test worker] o.hibernate.annotations.common.Version   : HCANN000001: Hibernate Commons Annotations {5.0.1.Final}
2018-02-28 16:53:30.431  INFO 6712 --- [    Test worker] org.hibernate.dialect.Dialect            : HHH000400: Using dialect: org.hibernate.dialect.PostgreSQLDialect
2018-02-28 16:53:30.627  INFO 6712 --- [    Test worker] o.h.e.j.e.i.LobCreatorBuilderImpl        : HHH000424: Disabling contextual LOB creation as createClob() method threw error : java.lang.reflect.InvocationTargetException
2018-02-28 16:53:30.629  INFO 6712 --- [    Test worker] org.hibernate.type.BasicTypeRegistry     : HHH000270: Type registration [java.util.UUID] overrides previous : org.hibernate.type.UUIDBinaryType@3168658c
2018-02-28 16:53:30.865  WARN 6712 --- [    Test worker] org.hibernate.orm.deprecation            : HHH90000014: Found use of deprecated [org.hibernate.id.SequenceGenerator] sequence-based id generator; use org.hibernate.id.enhanced.SequenceStyleGenerator instead.  See Hibernate Domain Model Mapping Guide for details.
2018-02-28 16:53:30.868  WARN 6712 --- [    Test worker] org.hibernate.orm.deprecation            : HHH90000014: Found use of deprecated [org.hibernate.id.SequenceGenerator] sequence-based id generator; use org.hibernate.id.enhanced.SequenceStyleGenerator instead.  See Hibernate Domain Model Mapping Guide for details.
2018-02-28 16:53:30.868  WARN 6712 --- [    Test worker] org.hibernate.orm.deprecation            : HHH90000014: Found use of deprecated [org.hibernate.id.SequenceGenerator] sequence-based id generator; use org.hibernate.id.enhanced.SequenceStyleGenerator instead.  See Hibernate Domain Model Mapping Guide for details.
2018-02-28 16:53:31.256  INFO 6712 --- [    Test worker] org.hibernate.tool.hbm2ddl.SchemaExport  : HHH000227: Running hbm2ddl schema export
Hibernate: alter table estacionamiento drop constraint FK5cw041rdrlnkqfm0elf4lbwjp
Hibernate: alter table vehiculo drop constraint FKsn997kv0exb63j2x5o3hvpk6t
Hibernate: drop table if exists estacionamiento cascade
Hibernate: drop table if exists tipo_vehiculo cascade
Hibernate: drop table if exists vehiculo cascade
Hibernate: drop sequence hibernate_sequence
Hibernate: create sequence hibernate_sequence start 1 increment 1
Hibernate: create table estacionamiento (id_estacionamiento int4 not null, fecha_ingreso timestamp, fecha_salida timestamp, idvehiculo int4, valor float8, id_vehiculo int4, primary key (id_estacionamiento))
Hibernate: create table tipo_vehiculo (id_tipovehiculo int4 not null, nombre_tipovehiculo varchar(255), valor_dia float8, valor_hora float8, primary key (id_tipovehiculo))
Hibernate: create table vehiculo (id_vehiculo int4 not null, cilindraje varchar(255), estado int4, placa varchar(255), tipovehiculo int4, id_tipovehiculo int4, primary key (id_vehiculo))
Hibernate: alter table estacionamiento add constraint FK5cw041rdrlnkqfm0elf4lbwjp foreign key (id_vehiculo) references vehiculo
Hibernate: alter table vehiculo add constraint FKsn997kv0exb63j2x5o3hvpk6t foreign key (id_tipovehiculo) references tipo_vehiculo
2018-02-28 16:53:31.303  INFO 6712 --- [    Test worker] org.hibernate.tool.hbm2ddl.SchemaExport  : HHH000230: Schema export complete
2018-02-28 16:53:31.317  INFO 6712 --- [    Test worker] o.h.h.i.QueryTranslatorFactoryInitiator  : HHH000397: Using ASTQueryTranslatorFactory
2018-02-28 16:53:31.503  INFO 6712 --- [    Test worker] j.LocalContainerEntityManagerFactoryBean : Initialized JPA EntityManagerFactory for persistence unit 'default'
2018-02-28 16:53:31.968  INFO 6712 --- [    Test worker] c.c.r.EstacionamientoRepositorioTest     : Started EstacionamientoRepositorioTest in 3.575 seconds (JVM running for 8.831)
2018-02-28 16:53:31.994  INFO 6712 --- [    Test worker] o.s.t.c.transaction.TransactionContext   : Began transaction (1) for test context [DefaultTestContext@6e8bb167 testClass = EstacionamientoRepositorioTest, testInstance = co.ceiba.repository.EstacionamientoRepositorioTest@3bd83ebb, testMethod = buscarPorIdVehiculo@EstacionamientoRepositorioTest, testException = [null], mergedContextConfiguration = [MergedContextConfiguration@653b32ff testClass = EstacionamientoRepositorioTest, locations = '{}', classes = '{class co.ceiba.Main}', contextInitializerClasses = '[]', activeProfiles = '{}', propertySourceLocations = '{}', propertySourceProperties = '{org.springframework.boot.test.context.SpringBootTestContextBootstrapper=true}', contextCustomizers = set[org.springframework.boot.test.autoconfigure.OverrideAutoConfigurationContextCustomizerFactory$DisableAutoConfigurationContextCustomizer@63632243, org.springframework.boot.test.autoconfigure.filter.TypeExcludeFiltersContextCustomizer@351584c0, org.springframework.boot.test.autoconfigure.properties.PropertyMappingContextCustomizer@11fdcd6e, org.springframework.boot.test.autoconfigure.web.servlet.WebDriverContextCustomizerFactory$Customizer@1825c975, [ImportsContextCustomizer@61cdd93f key = [org.springframework.boot.autoconfigure.cache.CacheAutoConfiguration, org.springframework.boot.autoconfigure.data.jpa.JpaRepositoriesAutoConfiguration, org.springframework.boot.autoconfigure.flyway.FlywayAutoConfiguration, org.springframework.boot.autoconfigure.jdbc.DataSourceAutoConfiguration, org.springframework.boot.autoconfigure.jdbc.DataSourceTransactionManagerAutoConfiguration, org.springframework.boot.autoconfigure.jdbc.JdbcTemplateAutoConfiguration, org.springframework.boot.autoconfigure.liquibase.LiquibaseAutoConfiguration, org.springframework.boot.autoconfigure.orm.jpa.HibernateJpaAutoConfiguration, org.springframework.boot.autoconfigure.transaction.TransactionAutoConfiguration, org.springframework.boot.test.autoconfigure.jdbc.TestDatabaseAutoConfiguration, org.springframework.boot.test.autoconfigure.orm.jpa.TestEntityManagerAutoConfiguration]], org.springframework.boot.test.context.filter.ExcludeFilterContextCustomizer@6c2c0f30, org.springframework.boot.test.json.DuplicateJsonObjectContextCustomizerFactory$DuplicateJsonObjectContextCustomizer@48d69635, org.springframework.boot.test.mock.mockito.MockitoContextCustomizer@0], contextLoader = 'org.springframework.boot.test.context.SpringBootContextLoader', parent = [null]]]; transaction manager [org.springframework.orm.jpa.JpaTransactionManager@14b6148e]; rollback [true]
Hibernate: select nextval ('hibernate_sequence')
Hibernate: insert into estacionamiento (fecha_ingreso, fecha_salida, idvehiculo, id_vehiculo, valor, id_estacionamiento) values (?, ?, ?, ?, ?, ?)
Hibernate: select estacionam0_.id_estacionamiento as id_estac1_0_, estacionam0_.fecha_ingreso as fecha_in2_0_, estacionam0_.fecha_salida as fecha_sa3_0_, estacionam0_.idvehiculo as idvehicu4_0_, estacionam0_.id_vehiculo as id_vehic6_0_, estacionam0_.valor as valor5_0_ from estacionamiento estacionam0_ where estacionam0_.idvehiculo=?
2018-02-28 16:53:32.130  INFO 6712 --- [    Test worker] o.s.t.c.transaction.TransactionContext   : Rolled back transaction for test context [DefaultTestContext@6e8bb167 testClass = EstacionamientoRepositorioTest, testInstance = co.ceiba.repository.EstacionamientoRepositorioTest@3bd83ebb, testMethod = buscarPorIdVehiculo@EstacionamientoRepositorioTest, testException = [null], mergedContextConfiguration = [MergedContextConfiguration@653b32ff testClass = EstacionamientoRepositorioTest, locations = '{}', classes = '{class co.ceiba.Main}', contextInitializerClasses = '[]', activeProfiles = '{}', propertySourceLocations = '{}', propertySourceProperties = '{org.springframework.boot.test.context.SpringBootTestContextBootstrapper=true}', contextCustomizers = set[org.springframework.boot.test.autoconfigure.OverrideAutoConfigurationContextCustomizerFactory$DisableAutoConfigurationContextCustomizer@63632243, org.springframework.boot.test.autoconfigure.filter.TypeExcludeFiltersContextCustomizer@351584c0, org.springframework.boot.test.autoconfigure.properties.PropertyMappingContextCustomizer@11fdcd6e, org.springframework.boot.test.autoconfigure.web.servlet.WebDriverContextCustomizerFactory$Customizer@1825c975, [ImportsContextCustomizer@61cdd93f key = [org.springframework.boot.autoconfigure.cache.CacheAutoConfiguration, org.springframework.boot.autoconfigure.data.jpa.JpaRepositoriesAutoConfiguration, org.springframework.boot.autoconfigure.flyway.FlywayAutoConfiguration, org.springframework.boot.autoconfigure.jdbc.DataSourceAutoConfiguration, org.springframework.boot.autoconfigure.jdbc.DataSourceTransactionManagerAutoConfiguration, org.springframework.boot.autoconfigure.jdbc.JdbcTemplateAutoConfiguration, org.springframework.boot.autoconfigure.liquibase.LiquibaseAutoConfiguration, org.springframework.boot.autoconfigure.orm.jpa.HibernateJpaAutoConfiguration, org.springframework.boot.autoconfigure.transaction.TransactionAutoConfiguration, org.springframework.boot.test.autoconfigure.jdbc.TestDatabaseAutoConfiguration, org.springframework.boot.test.autoconfigure.orm.jpa.TestEntityManagerAutoConfiguration]], org.springframework.boot.test.context.filter.ExcludeFilterContextCustomizer@6c2c0f30, org.springframework.boot.test.json.DuplicateJsonObjectContextCustomizerFactory$DuplicateJsonObjectContextCustomizer@48d69635, org.springframework.boot.test.mock.mockito.MockitoContextCustomizer@0], contextLoader = 'org.springframework.boot.test.context.SpringBootContextLoader', parent = [null]]].
]]></system-out>
  <system-err><![CDATA[]]></system-err>
</testsuite>
